TN:
SF:src/App.jsx
FN:14,App
FN:17,(anonymous_1)
FNF:2
FNH:0
FNDA:0,App
FNDA:0,(anonymous_1)
DA:15,0
DA:17,0
DA:18,0
DA:21,0
DA:22,0
DA:29,0
LF:6
LH:0
BRDA:21,0,0,0
BRDA:21,0,1,0
BRF:2
BRH:0
end_of_record
TN:
SF:src/components/common/CrudPageLayout.jsx
FN:18,CrudPageLayout
FN:36,(anonymous_1)
FNF:2
FNH:0
FNDA:0,CrudPageLayout
FNDA:0,(anonymous_1)
DA:27,0
DA:29,0
DA:36,0
LF:3
LH:0
BRDA:22,0,0,0
BRDA:25,1,0,0
BRDA:27,2,0,0
BRDA:27,2,1,0
BRDA:33,3,0,0
BRDA:33,3,1,0
BRF:6
BRH:0
end_of_record
TN:
SF:src/components/common/FormModal.jsx
FN:19,FormModal
FNF:1
FNH:0
FNDA:0,FormModal
DA:27,0
DA:28,0
DA:29,0
DA:31,0
LF:4
LH:0
BRDA:24,0,0,0
BRDA:28,1,0,0
BRDA:28,1,1,0
BRDA:29,2,0,0
BRDA:29,2,1,0
BRF:5
BRH:0
end_of_record
TN:
SF:src/components/common/FormModalFooter.jsx
FN:12,FormModalFooter
FNF:1
FNH:0
FNDA:0,FormModalFooter
DA:13,0
LF:1
LH:0
BRDA:12,0,0,0
BRDA:12,1,0,0
BRDA:19,2,0,0
BRDA:19,2,1,0
BRF:4
BRH:0
end_of_record
TN:
SF:src/components/common/SectionForm.jsx
FN:14,SectionForm
FN:19,(anonymous_1)
FN:25,(anonymous_2)
FN:31,(anonymous_3)
FNF:4
FNH:0
FNDA:0,SectionForm
FNDA:0,(anonymous_1)
FNDA:0,(anonymous_2)
FNDA:0,(anonymous_3)
DA:15,0
DA:20,0
DA:25,0
DA:31,0
LF:4
LH:0
BRDA:20,0,0,0
BRDA:20,0,1,0
BRDA:22,1,0,0
BRDA:22,1,1,0
BRDA:24,2,0,0
BRDA:24,2,1,0
BRDA:26,3,0,0
BRDA:26,3,1,0
BRDA:30,4,0,0
BRDA:30,4,1,0
BRF:10
BRH:0
end_of_record
TN:
SF:src/components/common/StatCard.jsx
FN:12,StatCard
FNF:1
FNH:1
FNDA:2,StatCard
DA:14,2
DA:22,2
LF:2
LH:2
BRDA:17,0,0,2
BRDA:17,0,1,0
BRDA:22,1,0,1
BRDA:22,1,1,1
BRF:4
BRH:3
end_of_record
TN:
SF:src/components/common/TableActions.jsx
FN:14,TableActions
FNF:1
FNH:1
FNDA:2,TableActions
DA:15,2
LF:1
LH:1
BRDA:14,0,0,2
BRDA:20,1,0,2
BRDA:20,1,1,1
BRDA:20,1,2,1
BRF:4
BRH:4
end_of_record
TN:
SF:src/components/layout/AdminLayout.jsx
FN:6,AdminLayout
FN:11,(anonymous_1)
FN:13,(anonymous_2)
FNF:3
FNH:0
FNDA:0,AdminLayout
FNDA:0,(anonymous_1)
FNDA:0,(anonymous_2)
DA:7,0
DA:9,0
DA:11,0
DA:13,0
LF:4
LH:0
BRF:0
BRH:0
end_of_record
TN:
SF:src/components/layout/Header.jsx
FN:9,Header
FN:14,(anonymous_1)
FN:28,(anonymous_2)
FN:47,(anonymous_3)
FN:47,(anonymous_4)
FN:55,(anonymous_5)
FN:60,(anonymous_6)
FN:81,PageHeader
FNF:8
FNH:0
FNDA:0,Header
FNDA:0,(anonymous_1)
FNDA:0,(anonymous_2)
FNDA:0,(anonymous_3)
FNDA:0,(anonymous_4)
FNDA:0,(anonymous_5)
FNDA:0,(anonymous_6)
FNDA:0,PageHeader
DA:10,0
DA:11,0
DA:12,0
DA:14,0
DA:15,0
DA:16,0
DA:17,0
DA:20,0
DA:29,0
DA:47,0
DA:55,0
DA:60,0
DA:82,0
LF:13
LH:0
BRDA:9,0,0,0
BRDA:26,1,0,0
BRDA:26,1,1,0
BRDA:30,2,0,0
BRDA:30,2,1,0
BRDA:31,3,0,0
BRDA:31,3,1,0
BRDA:53,4,0,0
BRDA:53,4,1,0
BRDA:86,5,0,0
BRDA:86,5,1,0
BRF:11
BRH:0
end_of_record
TN:
SF:src/components/layout/Sidebar.jsx
FN:16,NavLink
FN:42,Sidebar
FN:43,(anonymous_2)
FN:74,(anonymous_3)
FN:80,(anonymous_4)
FN:96,SidebarToggle
FNF:6
FNH:0
FNDA:0,NavLink
FNDA:0,Sidebar
FNDA:0,(anonymous_2)
FNDA:0,(anonymous_3)
FNDA:0,(anonymous_4)
FNDA:0,SidebarToggle
DA:17,0
DA:18,0
DA:20,0
DA:43,0
DA:44,0
DA:45,0
DA:47,0
DA:75,0
DA:81,0
DA:97,0
LF:10
LH:0
BRDA:18,0,0,0
BRDA:18,0,1,0
BRDA:26,1,0,0
BRDA:26,1,1,0
BRDA:44,2,0,0
BRDA:44,2,1,0
BRDA:49,3,0,0
BRDA:49,3,1,0
BRDA:60,4,0,0
BRDA:60,4,1,0
BRF:10
BRH:0
end_of_record
TN:
SF:src/components/ui/Badge.jsx
FN:11,Badge
FN:25,StatusBadge
FN:33,PublishBadge
FNF:3
FNH:0
FNDA:0,Badge
FNDA:0,StatusBadge
FNDA:0,PublishBadge
DA:3,0
DA:12,0
DA:26,0
DA:34,0
LF:4
LH:0
BRDA:11,0,0,0
BRDA:27,1,0,0
BRDA:27,1,1,0
BRDA:28,2,0,0
BRDA:28,2,1,0
BRDA:35,3,0,0
BRDA:35,3,1,0
BRDA:36,4,0,0
BRDA:36,4,1,0
BRF:9
BRH:0
end_of_record
TN:
SF:src/components/ui/Button.jsx
FN:17,Button
FNF:1
FNH:1
FNDA:16,Button
DA:3,2
DA:11,2
DA:26,16
LF:3
LH:3
BRDA:19,0,0,16
BRDA:20,1,0,16
BRDA:21,2,0,16
BRF:3
BRH:3
end_of_record
TN:
SF:src/components/ui/Card.jsx
FN:3,Card
FN:11,CardHeader
FN:23,CardBody
FNF:3
FNH:2
FNDA:2,Card
FNDA:0,CardHeader
FNDA:2,CardBody
DA:4,2
DA:12,0
DA:24,2
LF:3
LH:2
BRDA:15,0,0,0
BRDA:15,0,1,0
BRDA:16,1,0,0
BRDA:16,1,1,0
BRF:4
BRH:0
end_of_record
TN:
SF:src/components/ui/DataTable.jsx
FN:4,Pagination
FN:17,(anonymous_1)
FN:25,(anonymous_2)
FN:34,DataTable
FN:44,(anonymous_4)
FN:52,(anonymous_5)
FN:54,(anonymous_6)
FNF:7
FNH:0
FNDA:0,Pagination
FNDA:0,(anonymous_1)
FNDA:0,(anonymous_2)
FNDA:0,DataTable
FNDA:0,(anonymous_4)
FNDA:0,(anonymous_5)
FNDA:0,(anonymous_6)
DA:5,0
DA:7,0
DA:17,0
DA:25,0
DA:35,0
DA:36,0
DA:39,0
DA:45,0
DA:53,0
DA:55,0
LF:10
LH:0
BRDA:5,0,0,0
BRDA:5,0,1,0
BRDA:34,1,0,0
BRDA:34,2,0,0
BRDA:35,3,0,0
BRDA:35,3,1,0
BRDA:56,4,0,0
BRDA:56,4,1,0
BRF:8
BRH:0
end_of_record
TN:
SF:src/components/ui/ImageField.jsx
FN:10,ImageField
FN:13,(anonymous_1)
FN:41,(anonymous_2)
FN:56,(anonymous_3)
FNF:4
FNH:0
FNDA:0,ImageField
FNDA:0,(anonymous_1)
FNDA:0,(anonymous_2)
FNDA:0,(anonymous_3)
DA:11,0
DA:13,0
DA:14,0
DA:15,0
DA:16,0
DA:17,0
DA:18,0
DA:19,0
DA:20,0
DA:22,0
DA:24,0
DA:25,0
DA:29,0
DA:41,0
DA:56,0
LF:15
LH:0
BRDA:15,0,0,0
BRDA:15,0,1,0
BRDA:32,1,0,0
BRDA:32,1,1,0
BRDA:52,2,0,0
BRDA:52,2,1,0
BRDA:55,3,0,0
BRDA:55,3,1,0
BRF:8
BRH:0
end_of_record
TN:
SF:src/components/ui/Input.jsx
FN:4,Input
FN:18,Textarea
FN:33,Label
FN:41,FormField
FN:62,Select
FN:78,Checkbox
FNF:6
FNH:4
FNDA:22,Input
FNDA:0,Textarea
FNDA:22,Label
FNDA:22,FormField
FNDA:0,Select
FNDA:11,Checkbox
DA:5,22
DA:19,0
DA:34,22
DA:42,22
DA:43,22
DA:44,22
DA:48,22
DA:63,0
DA:79,11
LF:9
LH:7
BRDA:10,0,0,0
BRDA:10,0,1,22
BRDA:18,1,0,0
BRDA:25,2,0,0
BRDA:25,2,1,0
BRDA:43,3,0,22
BRDA:43,3,1,22
BRDA:44,4,0,22
BRDA:44,4,1,0
BRDA:44,5,0,22
BRDA:44,5,1,22
BRDA:45,6,0,22
BRDA:45,6,1,22
BRDA:50,7,0,22
BRDA:50,7,1,22
BRDA:53,8,0,22
BRDA:53,8,1,22
BRDA:57,9,0,22
BRDA:57,9,1,1
BRDA:68,10,0,0
BRDA:68,10,1,0
BRF:21
BRH:14
end_of_record
TN:
SF:src/components/ui/Loading.jsx
FN:4,Spinner
FN:8,PageLoader
FN:16,EmptyState
FNF:3
FNH:0
FNDA:0,Spinner
FNDA:0,PageLoader
FNDA:0,EmptyState
DA:5,0
DA:9,0
DA:17,0
LF:3
LH:0
BRDA:20,0,0,0
BRDA:20,0,1,0
BRDA:21,1,0,0
BRDA:21,1,1,0
BRF:4
BRH:0
end_of_record
TN:
SF:src/components/ui/Modal.jsx
FN:6,Modal
FN:7,(anonymous_1)
FN:9,(anonymous_2)
FN:12,(anonymous_3)
FN:50,ConfirmDialog
FNF:5
FNH:0
FNDA:0,Modal
FNDA:0,(anonymous_1)
FNDA:0,(anonymous_2)
FNDA:0,(anonymous_3)
FNDA:0,ConfirmDialog
DA:7,0
DA:8,0
DA:9,0
DA:10,0
DA:11,0
DA:12,0
DA:13,0
DA:14,0
DA:18,0
DA:20,0
DA:27,0
DA:51,0
LF:12
LH:0
BRDA:6,0,0,0
BRDA:8,1,0,0
BRDA:8,1,1,0
BRDA:9,2,0,0
BRDA:9,2,1,0
BRDA:18,3,0,0
BRDA:18,3,1,0
BRDA:50,4,0,0
BRDA:59,5,0,0
BRDA:59,5,1,0
BRF:10
BRH:0
end_of_record
TN:
SF:src/components/ui/SearchInput.jsx
FN:5,SearchInput
FNF:1
FNH:0
FNDA:0,SearchInput
DA:6,0
LF:1
LH:0
BRDA:5,0,0,0
BRF:1
BRH:0
end_of_record
TN:
SF:src/constants/navigation.js
FN:83,getVisibleNavGroups
FN:85,(anonymous_1)
FN:87,(anonymous_2)
FN:89,(anonymous_3)
FNF:4
FNH:4
FNDA:3,getVisibleNavGroups
FNDA:21,(anonymous_1)
FNDA:57,(anonymous_2)
FNDA:21,(anonymous_3)
DA:30,1
DA:84,3
DA:85,21
DA:87,57
DA:89,21
LF:5
LH:5
BRDA:87,0,0,57
BRDA:87,0,1,6
BRF:2
BRH:2
end_of_record
TN:
SF:src/constants/roles.js
FN:18,isSuperAdmin
FNF:1
FNH:1
FNDA:11,isSuperAdmin
DA:5,3
DA:11,3
DA:19,11
LF:3
LH:3
BRF:0
BRH:0
end_of_record
TN:
SF:src/constants/routes.js
FNF:0
FNH:0
DA:6,3
LF:1
LH:1
BRF:0
BRH:0
end_of_record
TN:
SF:src/hooks/index.js
FNF:0
FNH:0
LF:0
LH:0
BRF:0
BRH:0
end_of_record
TN:
SF:src/hooks/useAsyncData.js
FN:14,useAsyncData
FN:19,(anonymous_1)
FN:31,(anonymous_2)
FNF:3
FNH:3
FNDA:7,useAsyncData
FNDA:4,(anonymous_1)
FNDA:3,(anonymous_2)
DA:15,7
DA:16,7
DA:17,7
DA:19,7
DA:20,4
DA:21,4
DA:22,4
DA:23,3
DA:25,1
DA:27,4
DA:31,7
DA:32,3
DA:35,7
LF:13
LH:13
BRDA:14,0,0,7
BRDA:14,1,0,7
BRDA:15,2,0,7
BRDA:25,3,0,1
BRDA:25,3,1,0
BRF:5
BRH:4
end_of_record
TN:
SF:src/hooks/useCrudList.js
FN:19,useCrudList
FN:42,(anonymous_1)
FN:47,(anonymous_2)
FN:52,(anonymous_3)
FN:60,(anonymous_4)
FN:77,(anonymous_5)
FN:89,(anonymous_6)
FNF:7
FNH:7
FNDA:14,useCrudList
FNDA:3,(anonymous_1)
FNDA:1,(anonymous_2)
FNDA:2,(anonymous_3)
FNDA:3,(anonymous_4)
FNDA:1,(anonymous_5)
FNDA:1,(anonymous_6)
DA:33,14
DA:35,14
DA:36,14
DA:37,14
DA:39,14
DA:42,14
DA:43,3
DA:47,14
DA:48,1
DA:52,14
DA:53,2
DA:60,14
DA:61,3
DA:62,3
DA:63,1
DA:64,1
DA:66,2
DA:67,1
DA:69,2
DA:70,2
DA:72,1
DA:77,14
DA:78,1
DA:79,1
DA:80,1
DA:81,1
DA:82,1
DA:84,0
DA:89,14
DA:90,1
DA:91,1
DA:92,1
DA:93,1
DA:94,1
DA:95,1
DA:96,1
DA:98,0
DA:100,1
DA:104,14
LF:39
LH:37
BRDA:26,0,0,14
BRDA:29,1,0,14
BRDA:30,2,0,14
BRDA:31,3,0,14
BRDA:32,4,0,14
BRDA:62,5,0,1
BRDA:62,5,1,2
BRDA:78,6,0,0
BRDA:78,6,1,1
BRDA:90,7,0,0
BRDA:90,7,1,1
BRDA:90,8,0,1
BRDA:90,8,1,1
BRF:13
BRH:11
end_of_record
TN:
SF:src/hooks/useFormState.js
FN:10,useFormState
FN:13,(anonymous_1)
FN:14,(anonymous_2)
FN:17,(anonymous_3)
FN:31,recordToForm
FN:33,(anonymous_5)
FNF:6
FNH:2
FNDA:0,useFormState
FNDA:0,(anonymous_1)
FNDA:0,(anonymous_2)
FNDA:0,(anonymous_3)
FNDA:3,recordToForm
FNDA:6,(anonymous_5)
DA:11,0
DA:13,0
DA:14,0
DA:17,0
DA:18,0
DA:21,0
DA:32,3
DA:33,2
DA:34,6
DA:35,6
LF:10
LH:4
BRDA:32,0,0,1
BRDA:32,0,1,2
BRDA:34,1,0,6
BRDA:34,1,1,4
BRF:4
BRH:4
end_of_record
TN:
SF:src/hooks/usePaginatedList.js
FN:21,usePaginatedList
FN:28,(anonymous_1)
FN:41,(anonymous_2)
FNF:3
FNH:0
FNDA:0,usePaginatedList
FNDA:0,(anonymous_1)
FNDA:0,(anonymous_2)
DA:5,0
DA:22,0
DA:23,0
DA:24,0
DA:25,0
DA:26,0
DA:28,0
DA:29,0
DA:30,0
DA:31,0
DA:32,0
DA:33,0
DA:35,0
DA:37,0
DA:41,0
DA:42,0
DA:45,0
LF:17
LH:0
BRDA:21,0,0,0
BRDA:22,1,0,0
BRDA:22,2,0,0
BRDA:28,3,0,0
BRF:4
BRH:0
end_of_record
TN:
SF:src/hooks/useRecordEditor.js
FN:14,useRecordEditor
FN:18,(anonymous_1)
FN:19,(anonymous_2)
FN:22,(anonymous_3)
FNF:4
FNH:0
FNDA:0,useRecordEditor
FNDA:0,(anonymous_1)
FNDA:0,(anonymous_2)
FNDA:0,(anonymous_3)
DA:15,0
DA:16,0
DA:18,0
DA:19,0
DA:22,0
DA:23,0
DA:24,0
DA:25,0
DA:26,0
DA:27,0
DA:28,0
DA:30,0
DA:32,0
DA:36,0
LF:14
LH:0
BRDA:14,0,0,0
BRDA:19,1,0,0
BRDA:19,1,1,0
BRDA:23,2,0,0
BRDA:23,2,1,0
BRF:5
BRH:0
end_of_record
TN:
SF:src/pages/AboutPage.jsx
FN:14,AboutPage
FN:39,(anonymous_1)
FN:42,(anonymous_2)
FN:45,(anonymous_3)
FN:54,(anonymous_4)
FN:57,(anonymous_5)
FNF:6
FNH:0
FNDA:0,AboutPage
FNDA:0,(anonymous_1)
FNDA:0,(anonymous_2)
FNDA:0,(anonymous_3)
FNDA:0,(anonymous_4)
FNDA:0,(anonymous_5)
DA:15,0
DA:21,0
DA:23,0
DA:39,0
DA:42,0
DA:45,0
DA:54,0
DA:57,0
LF:8
LH:0
BRDA:21,0,0,0
BRDA:21,0,1,0
BRDA:21,1,0,0
BRDA:21,1,1,0
BRDA:30,2,0,0
BRDA:30,2,1,0
BRDA:39,3,0,0
BRDA:39,3,1,0
BRDA:42,4,0,0
BRDA:42,4,1,0
BRDA:45,5,0,0
BRDA:45,5,1,0
BRDA:54,6,0,0
BRDA:54,6,1,0
BRDA:57,7,0,0
BRDA:57,7,1,0
BRF:16
BRH:0
end_of_record
TN:
SF:src/pages/CategoriesPage.jsx
FN:19,CategoriesPage
FN:48,(anonymous_1)
FN:51,(anonymous_2)
FN:52,(anonymous_3)
FN:67,CategoryFormModal
FN:71,(anonymous_5)
FN:74,(anonymous_6)
FN:77,(anonymous_7)
FN:79,(anonymous_8)
FNF:9
FNH:0
FNDA:0,CategoriesPage
FNDA:0,(anonymous_1)
FNDA:0,(anonymous_2)
FNDA:0,(anonymous_3)
FNDA:0,CategoryFormModal
FNDA:0,(anonymous_5)
FNDA:0,(anonymous_6)
FNDA:0,(anonymous_7)
FNDA:0,(anonymous_8)
DA:16,0
DA:20,0
DA:22,0
DA:31,0
DA:49,0
DA:51,0
DA:52,0
DA:68,0
DA:70,0
DA:71,0
DA:74,0
DA:77,0
DA:79,0
LF:13
LH:0
BRDA:41,0,0,0
BRDA:41,0,1,0
BRDA:60,1,0,0
BRDA:60,1,1,0
BRF:4
BRH:0
end_of_record
TN:
SF:src/pages/ContactInfoPage.jsx
FN:14,ContactInfoPage
FN:40,(anonymous_1)
FN:44,(anonymous_2)
FN:47,(anonymous_3)
FN:53,(anonymous_4)
FN:66,(anonymous_5)
FN:69,(anonymous_6)
FNF:7
FNH:0
FNDA:0,ContactInfoPage
FNDA:0,(anonymous_1)
FNDA:0,(anonymous_2)
FNDA:0,(anonymous_3)
FNDA:0,(anonymous_4)
FNDA:0,(anonymous_5)
FNDA:0,(anonymous_6)
DA:15,0
DA:21,0
DA:23,0
DA:40,0
DA:44,0
DA:47,0
DA:53,0
DA:66,0
DA:69,0
LF:9
LH:0
BRDA:21,0,0,0
BRDA:21,0,1,0
BRDA:21,1,0,0
BRDA:21,1,1,0
BRDA:30,2,0,0
BRDA:30,2,1,0
BRDA:40,3,0,0
BRDA:40,3,1,0
BRDA:44,4,0,0
BRDA:44,4,1,0
BRDA:47,5,0,0
BRDA:47,5,1,0
BRDA:52,6,0,0
BRDA:52,6,1,0
BRDA:66,7,0,0
BRDA:66,7,1,0
BRDA:69,8,0,0
BRDA:69,8,1,0
BRF:18
BRH:0
end_of_record
TN:
SF:src/pages/CoreValuesPage.jsx
FN:19,CoreValuesPage
FN:44,(anonymous_1)
FN:48,(anonymous_2)
FN:51,(anonymous_3)
FN:52,(anonymous_4)
FN:67,ValueFormModal
FN:71,(anonymous_6)
FN:74,(anonymous_7)
FN:77,(anonymous_8)
FN:79,(anonymous_9)
FNF:10
FNH:0
FNDA:0,CoreValuesPage
FNDA:0,(anonymous_1)
FNDA:0,(anonymous_2)
FNDA:0,(anonymous_3)
FNDA:0,(anonymous_4)
FNDA:0,ValueFormModal
FNDA:0,(anonymous_6)
FNDA:0,(anonymous_7)
FNDA:0,(anonymous_8)
FNDA:0,(anonymous_9)
DA:16,0
DA:20,0
DA:22,0
DA:31,0
DA:44,0
DA:49,0
DA:51,0
DA:52,0
DA:68,0
DA:70,0
DA:71,0
DA:74,0
DA:77,0
DA:79,0
LF:14
LH:0
BRDA:41,0,0,0
BRDA:41,0,1,0
BRDA:60,1,0,0
BRDA:60,1,1,0
BRF:4
BRH:0
end_of_record
TN:
SF:src/pages/DashboardPage.jsx
FN:18,useDashboardData
FN:19,(anonymous_1)
FN:31,DashboardPage
FN:76,(anonymous_3)
FNF:4
FNH:0
FNDA:0,useDashboardData
FNDA:0,(anonymous_1)
FNDA:0,DashboardPage
FNDA:0,(anonymous_3)
DA:19,0
DA:20,0
DA:24,0
DA:27,0
DA:32,0
DA:34,0
DA:36,0
DA:38,0
DA:77,0
LF:9
LH:0
BRDA:34,0,0,0
BRDA:34,0,1,0
BRDA:34,1,0,0
BRDA:34,1,1,0
BRDA:66,2,0,0
BRDA:66,2,1,0
BRDA:71,3,0,0
BRDA:71,3,1,0
BRF:8
BRH:0
end_of_record
TN:
SF:src/pages/FaqsPage.jsx
FN:20,FaqsPage
FN:45,(anonymous_1)
FN:46,(anonymous_2)
FN:50,(anonymous_3)
FN:52,(anonymous_4)
FN:53,(anonymous_5)
FN:54,(anonymous_6)
FN:69,FaqFormModal
FN:73,(anonymous_8)
FN:76,(anonymous_9)
FN:79,(anonymous_10)
FN:81,(anonymous_11)
FNF:12
FNH:0
FNDA:0,FaqsPage
FNDA:0,(anonymous_1)
FNDA:0,(anonymous_2)
FNDA:0,(anonymous_3)
FNDA:0,(anonymous_4)
FNDA:0,(anonymous_5)
FNDA:0,(anonymous_6)
FNDA:0,FaqFormModal
FNDA:0,(anonymous_8)
FNDA:0,(anonymous_9)
FNDA:0,(anonymous_10)
FNDA:0,(anonymous_11)
DA:17,0
DA:21,0
DA:23,0
DA:33,0
DA:45,0
DA:46,0
DA:51,0
DA:52,0
DA:53,0
DA:54,0
DA:70,0
DA:72,0
DA:73,0
DA:76,0
DA:79,0
DA:81,0
LF:16
LH:0
BRDA:43,0,0,0
BRDA:43,0,1,0
BRDA:62,1,0,0
BRDA:62,1,1,0
BRF:4
BRH:0
end_of_record
TN:
SF:src/pages/GalleryPage.jsx
FN:16,GalleryPage
FN:27,(anonymous_1)
FN:44,(anonymous_2)
FN:46,(anonymous_3)
FN:63,(anonymous_4)
FN:79,(anonymous_5)
FN:93,(anonymous_6)
FN:115,(anonymous_7)
FN:124,(anonymous_8)
FN:136,(anonymous_9)
FN:138,(anonymous_10)
FN:139,(anonymous_11)
FN:151,(anonymous_12)
FN:153,(anonymous_13)
FN:157,(anonymous_14)
FN:159,(anonymous_15)
FN:160,(anonymous_16)
FN:168,(anonymous_17)
FN:169,(anonymous_18)
FN:170,(anonymous_19)
FN:171,(anonymous_20)
FN:176,GalleryModal
FN:178,(anonymous_22)
FN:185,(anonymous_23)
FN:186,(anonymous_24)
FN:187,(anonymous_25)
FN:189,(anonymous_26)
FN:191,(anonymous_27)
FN:196,(anonymous_28)
FN:203,CategoryModal
FN:205,(anonymous_30)
FN:212,(anonymous_31)
FN:213,(anonymous_32)
FN:216,(anonymous_33)
FNF:34
FNH:0
FNDA:0,GalleryPage
FNDA:0,(anonymous_1)
FNDA:0,(anonymous_2)
FNDA:0,(anonymous_3)
FNDA:0,(anonymous_4)
FNDA:0,(anonymous_5)
FNDA:0,(anonymous_6)
FNDA:0,(anonymous_7)
FNDA:0,(anonymous_8)
FNDA:0,(anonymous_9)
FNDA:0,(anonymous_10)
FNDA:0,(anonymous_11)
FNDA:0,(anonymous_12)
FNDA:0,(anonymous_13)
FNDA:0,(anonymous_14)
FNDA:0,(anonymous_15)
FNDA:0,(anonymous_16)
FNDA:0,(anonymous_17)
FNDA:0,(anonymous_18)
FNDA:0,(anonymous_19)
FNDA:0,(anonymous_20)
FNDA:0,GalleryModal
FNDA:0,(anonymous_22)
FNDA:0,(anonymous_23)
FNDA:0,(anonymous_24)
FNDA:0,(anonymous_25)
FNDA:0,(anonymous_26)
FNDA:0,(anonymous_27)
FNDA:0,(anonymous_28)
FNDA:0,CategoryModal
FNDA:0,(anonymous_30)
FNDA:0,(anonymous_31)
FNDA:0,(anonymous_32)
FNDA:0,(anonymous_33)
DA:17,0
DA:18,0
DA:19,0
DA:20,0
DA:21,0
DA:22,0
DA:23,0
DA:24,0
DA:25,0
DA:27,0
DA:28,0
DA:29,0
DA:30,0
DA:34,0
DA:35,0
DA:36,0
DA:38,0
DA:40,0
DA:44,0
DA:46,0
DA:47,0
DA:48,0
DA:49,0
DA:50,0
DA:51,0
DA:53,0
DA:54,0
DA:56,0
DA:57,0
DA:59,0
DA:63,0
DA:64,0
DA:65,0
DA:66,0
DA:67,0
DA:69,0
DA:70,0
DA:72,0
DA:73,0
DA:75,0
DA:79,0
DA:80,0
DA:81,0
DA:82,0
DA:83,0
DA:84,0
DA:85,0
DA:87,0
DA:89,0
DA:93,0
DA:94,0
DA:95,0
DA:96,0
DA:97,0
DA:98,0
DA:99,0
DA:101,0
DA:103,0
DA:107,0
DA:109,0
DA:115,0
DA:124,0
DA:137,0
DA:138,0
DA:139,0
DA:151,0
DA:153,0
DA:158,0
DA:159,0
DA:160,0
DA:168,0
DA:169,0
DA:170,0
DA:171,0
DA:177,0
DA:178,0
DA:179,0
DA:182,0
DA:185,0
DA:186,0
DA:187,0
DA:189,0
DA:191,0
DA:196,0
DA:204,0
DA:205,0
DA:206,0
DA:209,0
DA:212,0
DA:213,0
DA:216,0
LF:91
LH:0
BRDA:27,0,0,0
BRDA:48,1,0,0
BRDA:48,1,1,0
BRDA:49,2,0,0
BRDA:49,2,1,0
BRDA:65,3,0,0
BRDA:65,3,1,0
BRDA:107,4,0,0
BRDA:107,4,1,0
BRDA:107,5,0,0
BRDA:107,5,1,0
BRDA:153,6,0,0
BRDA:153,6,1,0
BRDA:159,7,0,0
BRDA:159,7,1,0
BRDA:179,8,0,0
BRDA:179,8,1,0
BRDA:179,9,0,0
BRDA:179,9,1,0
BRDA:179,10,0,0
BRDA:179,10,1,0
BRDA:179,11,0,0
BRDA:179,11,1,0
BRDA:179,12,0,0
BRDA:179,12,1,0
BRDA:183,13,0,0
BRDA:183,13,1,0
BRDA:206,14,0,0
BRDA:206,14,1,0
BRDA:206,15,0,0
BRDA:206,15,1,0
BRDA:206,16,0,0
BRDA:206,16,1,0
BRDA:210,17,0,0
BRDA:210,17,1,0
BRF:35
BRH:0
end_of_record
TN:
SF:src/pages/HeroSlidesPage.jsx
FN:16,HeroSlidesPage
FN:23,(anonymous_1)
FN:34,(anonymous_2)
FN:36,(anonymous_3)
FN:52,(anonymous_4)
FN:62,(anonymous_5)
FN:84,(anonymous_6)
FN:96,(anonymous_7)
FN:105,(anonymous_8)
FN:110,(anonymous_9)
FN:112,(anonymous_10)
FN:113,(anonymous_11)
FN:114,(anonymous_12)
FN:121,(anonymous_13)
FN:122,(anonymous_14)
FN:127,SlideModal
FN:130,(anonymous_16)
FN:143,(anonymous_17)
FN:144,(anonymous_18)
FN:145,(anonymous_19)
FN:146,(anonymous_20)
FN:147,(anonymous_21)
FN:150,(anonymous_22)
FNF:23
FNH:0
FNDA:0,HeroSlidesPage
FNDA:0,(anonymous_1)
FNDA:0,(anonymous_2)
FNDA:0,(anonymous_3)
FNDA:0,(anonymous_4)
FNDA:0,(anonymous_5)
FNDA:0,(anonymous_6)
FNDA:0,(anonymous_7)
FNDA:0,(anonymous_8)
FNDA:0,(anonymous_9)
FNDA:0,(anonymous_10)
FNDA:0,(anonymous_11)
FNDA:0,(anonymous_12)
FNDA:0,(anonymous_13)
FNDA:0,(anonymous_14)
FNDA:0,SlideModal
FNDA:0,(anonymous_16)
FNDA:0,(anonymous_17)
FNDA:0,(anonymous_18)
FNDA:0,(anonymous_19)
FNDA:0,(anonymous_20)
FNDA:0,(anonymous_21)
FNDA:0,(anonymous_22)
DA:17,0
DA:18,0
DA:19,0
DA:20,0
DA:21,0
DA:23,0
DA:24,0
DA:25,0
DA:26,0
DA:28,0
DA:30,0
DA:34,0
DA:36,0
DA:37,0
DA:38,0
DA:39,0
DA:40,0
DA:42,0
DA:43,0
DA:45,0
DA:46,0
DA:48,0
DA:52,0
DA:53,0
DA:54,0
DA:55,0
DA:56,0
DA:58,0
DA:62,0
DA:63,0
DA:64,0
DA:65,0
DA:66,0
DA:67,0
DA:68,0
DA:70,0
DA:72,0
DA:76,0
DA:78,0
DA:84,0
DA:96,0
DA:105,0
DA:111,0
DA:112,0
DA:113,0
DA:114,0
DA:121,0
DA:122,0
DA:128,0
DA:130,0
DA:131,0
DA:140,0
DA:143,0
DA:144,0
DA:145,0
DA:146,0
DA:147,0
DA:150,0
LF:58
LH:0
BRDA:38,0,0,0
BRDA:38,0,1,0
BRDA:76,1,0,0
BRDA:76,1,1,0
BRDA:96,2,0,0
BRDA:96,2,1,0
BRDA:131,3,0,0
BRDA:131,3,1,0
BRDA:132,4,0,0
BRDA:132,4,1,0
BRDA:133,5,0,0
BRDA:133,5,1,0
BRDA:134,6,0,0
BRDA:134,6,1,0
BRDA:135,7,0,0
BRDA:135,7,1,0
BRDA:136,8,0,0
BRDA:136,8,1,0
BRDA:141,9,0,0
BRDA:141,9,1,0
BRF:20
BRH:0
end_of_record
TN:
SF:src/pages/HomepagePage.jsx
FN:52,HomepagePage
FN:53,(anonymous_1)
FN:76,(anonymous_2)
FN:77,(anonymous_3)
FN:83,(anonymous_4)
FN:86,(anonymous_5)
FN:113,(anonymous_6)
FN:114,(anonymous_7)
FN:115,(anonymous_8)
FN:138,(anonymous_9)
FN:140,(anonymous_10)
FN:141,(anonymous_11)
FN:160,(anonymous_12)
FN:171,StatisticFormModal
FN:175,(anonymous_14)
FN:177,(anonymous_15)
FN:178,(anonymous_16)
FN:179,(anonymous_17)
FN:180,(anonymous_18)
FNF:19
FNH:0
FNDA:0,HomepagePage
FNDA:0,(anonymous_1)
FNDA:0,(anonymous_2)
FNDA:0,(anonymous_3)
FNDA:0,(anonymous_4)
FNDA:0,(anonymous_5)
FNDA:0,(anonymous_6)
FNDA:0,(anonymous_7)
FNDA:0,(anonymous_8)
FNDA:0,(anonymous_9)
FNDA:0,(anonymous_10)
FNDA:0,(anonymous_11)
FNDA:0,(anonymous_12)
FNDA:0,StatisticFormModal
FNDA:0,(anonymous_14)
FNDA:0,(anonymous_15)
FNDA:0,(anonymous_16)
FNDA:0,(anonymous_17)
FNDA:0,(anonymous_18)
DA:23,0
DA:30,0
DA:37,0
DA:44,0
DA:49,0
DA:53,0
DA:54,0
DA:58,0
DA:61,0
DA:63,0
DA:76,0
DA:77,0
DA:83,0
DA:84,0
DA:85,0
DA:86,0
DA:87,0
DA:89,0
DA:93,0
DA:95,0
DA:97,0
DA:113,0
DA:114,0
DA:115,0
DA:139,0
DA:140,0
DA:141,0
DA:160,0
DA:172,0
DA:174,0
DA:175,0
DA:177,0
DA:178,0
DA:179,0
DA:180,0
LF:35
LH:0
BRDA:93,0,0,0
BRDA:93,0,1,0
BRDA:93,1,0,0
BRDA:93,1,1,0
BRDA:151,2,0,0
BRDA:151,2,1,0
BRF:6
BRH:0
end_of_record
TN:
SF:src/pages/LoginPage.jsx
FN:19,LoginPage
FN:22,(anonymous_1)
FN:35,(anonymous_2)
FNF:3
FNH:3
FNDA:11,LoginPage
FNDA:11,(anonymous_1)
FNDA:2,(anonymous_2)
DA:13,1
DA:20,11
DA:21,11
DA:22,11
DA:23,11
DA:24,11
DA:29,11
DA:35,11
DA:36,2
DA:37,2
DA:38,2
DA:39,1
DA:40,1
DA:41,2
DA:43,1
DA:45,2
DA:49,11
LF:17
LH:17
BRDA:24,0,0,11
BRDA:24,0,1,0
BRDA:40,1,0,1
BRDA:40,1,1,1
BRDA:77,2,0,0
BRDA:77,2,1,11
BRF:6
BRH:4
end_of_record
TN:
SF:src/pages/MediaPage.jsx
FN:14,MediaPage
FN:24,(anonymous_1)
FN:37,(anonymous_2)
FN:39,(anonymous_3)
FN:55,(anonymous_4)
FN:70,(anonymous_5)
FN:83,(anonymous_6)
FN:92,(anonymous_7)
FN:107,(anonymous_8)
FN:111,(anonymous_9)
FN:112,(anonymous_10)
FN:113,(anonymous_11)
FN:117,(anonymous_12)
FN:118,(anonymous_13)
FN:129,(anonymous_14)
FNF:15
FNH:0
FNDA:0,MediaPage
FNDA:0,(anonymous_1)
FNDA:0,(anonymous_2)
FNDA:0,(anonymous_3)
FNDA:0,(anonymous_4)
FNDA:0,(anonymous_5)
FNDA:0,(anonymous_6)
FNDA:0,(anonymous_7)
FNDA:0,(anonymous_8)
FNDA:0,(anonymous_9)
FNDA:0,(anonymous_10)
FNDA:0,(anonymous_11)
FNDA:0,(anonymous_12)
FNDA:0,(anonymous_13)
FNDA:0,(anonymous_14)
DA:15,0
DA:16,0
DA:17,0
DA:18,0
DA:19,0
DA:20,0
DA:21,0
DA:22,0
DA:24,0
DA:25,0
DA:26,0
DA:27,0
DA:28,0
DA:29,0
DA:31,0
DA:33,0
DA:37,0
DA:39,0
DA:40,0
DA:41,0
DA:42,0
DA:43,0
DA:44,0
DA:45,0
DA:46,0
DA:48,0
DA:50,0
DA:51,0
DA:55,0
DA:56,0
DA:57,0
DA:58,0
DA:59,0
DA:60,0
DA:61,0
DA:63,0
DA:65,0
DA:69,0
DA:70,0
DA:75,0
DA:83,0
DA:92,0
DA:108,0
DA:111,0
DA:112,0
DA:113,0
DA:118,0
DA:129,0
LF:48
LH:0
BRDA:24,0,0,0
BRDA:41,1,0,0
BRDA:41,1,1,0
BRDA:69,2,0,0
BRDA:69,2,1,0
BRDA:71,3,0,0
BRDA:71,3,1,0
BRDA:71,3,2,0
BRDA:85,4,0,0
BRDA:85,4,1,0
BRDA:95,5,0,0
BRDA:95,5,1,0
BRDA:95,6,0,0
BRDA:95,6,1,0
BRDA:97,7,0,0
BRDA:97,7,1,0
BRDA:111,8,0,0
BRDA:111,8,1,0
BRF:18
BRH:0
end_of_record
TN:
SF:src/pages/MessagesPage.jsx
FN:14,MessagesPage
FN:21,(anonymous_1)
FN:34,(anonymous_2)
FN:36,(anonymous_3)
FN:49,(anonymous_4)
FN:68,(anonymous_5)
FN:68,(anonymous_6)
FN:80,(anonymous_7)
FN:84,(anonymous_8)
FN:94,(anonymous_9)
FN:96,(anonymous_10)
FN:98,(anonymous_11)
FN:107,(anonymous_12)
FN:120,(anonymous_13)
FNF:14
FNH:0
FNDA:0,MessagesPage
FNDA:0,(anonymous_1)
FNDA:0,(anonymous_2)
FNDA:0,(anonymous_3)
FNDA:0,(anonymous_4)
FNDA:0,(anonymous_5)
FNDA:0,(anonymous_6)
FNDA:0,(anonymous_7)
FNDA:0,(anonymous_8)
FNDA:0,(anonymous_9)
FNDA:0,(anonymous_10)
FNDA:0,(anonymous_11)
FNDA:0,(anonymous_12)
FNDA:0,(anonymous_13)
DA:15,0
DA:16,0
DA:17,0
DA:18,0
DA:19,0
DA:21,0
DA:22,0
DA:23,0
DA:24,0
DA:25,0
DA:26,0
DA:28,0
DA:30,0
DA:34,0
DA:36,0
DA:37,0
DA:38,0
DA:39,0
DA:40,0
DA:41,0
DA:42,0
DA:45,0
DA:49,0
DA:50,0
DA:51,0
DA:52,0
DA:53,0
DA:54,0
DA:56,0
DA:60,0
DA:62,0
DA:68,0
DA:80,0
DA:85,0
DA:95,0
DA:96,0
DA:98,0
DA:107,0
DA:120,0
LF:39
LH:0
BRDA:21,0,0,0
BRDA:40,1,0,0
BRDA:40,1,1,0
BRDA:60,2,0,0
BRDA:60,2,1,0
BRDA:60,3,0,0
BRDA:60,3,1,0
BRDA:69,4,0,0
BRDA:69,4,1,0
BRDA:86,5,0,0
BRDA:86,5,1,0
BRDA:87,6,0,0
BRDA:87,6,1,0
BRDA:97,7,0,0
BRDA:97,7,1,0
BRDA:108,8,0,0
BRDA:108,8,1,0
BRDA:113,9,0,0
BRDA:113,9,1,0
BRDA:118,10,0,0
BRDA:118,10,1,0
BRF:21
BRH:0
end_of_record
TN:
SF:src/pages/PartnersPage.jsx
FN:22,PartnersPage
FN:50,(anonymous_1)
FN:55,(anonymous_2)
FN:59,(anonymous_3)
FN:61,(anonymous_4)
FN:62,(anonymous_5)
FN:63,(anonymous_6)
FN:82,PartnerFormModal
FN:86,(anonymous_8)
FN:89,(anonymous_9)
FN:91,(anonymous_10)
FN:93,(anonymous_11)
FN:95,(anonymous_12)
FNF:13
FNH:0
FNDA:0,PartnersPage
FNDA:0,(anonymous_1)
FNDA:0,(anonymous_2)
FNDA:0,(anonymous_3)
FNDA:0,(anonymous_4)
FNDA:0,(anonymous_5)
FNDA:0,(anonymous_6)
FNDA:0,PartnerFormModal
FNDA:0,(anonymous_8)
FNDA:0,(anonymous_9)
FNDA:0,(anonymous_10)
FNDA:0,(anonymous_11)
FNDA:0,(anonymous_12)
DA:19,0
DA:23,0
DA:25,0
DA:35,0
DA:51,0
DA:55,0
DA:60,0
DA:61,0
DA:62,0
DA:63,0
DA:83,0
DA:85,0
DA:86,0
DA:89,0
DA:91,0
DA:93,0
DA:95,0
LF:17
LH:0
BRDA:45,0,0,0
BRDA:45,0,1,0
BRDA:51,1,0,0
BRDA:51,1,1,0
BRDA:71,2,0,0
BRDA:71,2,1,0
BRF:6
BRH:0
end_of_record
TN:
SF:src/pages/PostEditorPage.jsx
FN:15,PostEditorPage
FN:27,(anonymous_1)
FN:28,load
FN:43,(anonymous_3)
FN:55,(anonymous_4)
FN:55,(anonymous_5)
FN:57,(anonymous_6)
FN:75,(anonymous_7)
FN:76,(anonymous_8)
FN:79,(anonymous_9)
FN:92,(anonymous_10)
FN:105,(anonymous_11)
FN:112,(anonymous_12)
FN:115,(anonymous_13)
FN:118,(anonymous_14)
FN:126,(anonymous_15)
FN:127,(anonymous_16)
FN:137,(anonymous_17)
FN:142,(anonymous_18)
FN:149,(anonymous_19)
FN:154,(anonymous_20)
FNF:21
FNH:0
FNDA:0,PostEditorPage
FNDA:0,(anonymous_1)
FNDA:0,load
FNDA:0,(anonymous_3)
FNDA:0,(anonymous_4)
FNDA:0,(anonymous_5)
FNDA:0,(anonymous_6)
FNDA:0,(anonymous_7)
FNDA:0,(anonymous_8)
FNDA:0,(anonymous_9)
FNDA:0,(anonymous_10)
FNDA:0,(anonymous_11)
FNDA:0,(anonymous_12)
FNDA:0,(anonymous_13)
FNDA:0,(anonymous_14)
FNDA:0,(anonymous_15)
FNDA:0,(anonymous_16)
FNDA:0,(anonymous_17)
FNDA:0,(anonymous_18)
FNDA:0,(anonymous_19)
FNDA:0,(anonymous_20)
DA:16,0
DA:17,0
DA:18,0
DA:19,0
DA:20,0
DA:24,0
DA:25,0
DA:27,0
DA:29,0
DA:30,0
DA:31,0
DA:32,0
DA:33,0
DA:34,0
DA:43,0
DA:47,0
DA:49,0
DA:52,0
DA:55,0
DA:57,0
DA:58,0
DA:59,0
DA:60,0
DA:61,0
DA:62,0
DA:64,0
DA:65,0
DA:67,0
DA:69,0
DA:71,0
DA:75,0
DA:76,0
DA:79,0
DA:84,0
DA:86,0
DA:92,0
DA:106,0
DA:107,0
DA:112,0
DA:115,0
DA:118,0
DA:126,0
DA:127,0
DA:137,0
DA:142,0
DA:150,0
DA:154,0
LF:47
LH:0
BRDA:18,0,0,0
BRDA:18,0,1,0
BRDA:32,1,0,0
BRDA:32,1,1,0
BRDA:35,2,0,0
BRDA:35,2,1,0
BRDA:36,3,0,0
BRDA:36,3,1,0
BRDA:37,4,0,0
BRDA:37,4,1,0
BRDA:38,5,0,0
BRDA:38,5,1,0
BRDA:39,6,0,0
BRDA:39,6,1,0
BRDA:40,7,0,0
BRDA:40,7,1,0
BRDA:41,8,0,0
BRDA:41,8,1,0
BRDA:42,9,0,0
BRDA:42,9,1,0
BRDA:43,10,0,0
BRDA:43,10,1,0
BRDA:60,11,0,0
BRDA:60,11,1,0
BRDA:78,12,0,0
BRDA:78,12,1,0
BRDA:84,13,0,0
BRDA:84,13,1,0
BRDA:89,14,0,0
BRDA:89,14,1,0
BRDA:93,15,0,0
BRDA:93,15,1,0
BRDA:107,16,0,0
BRDA:107,16,1,0
BRDA:107,17,0,0
BRDA:107,17,1,0
BRDA:160,18,0,0
BRDA:160,18,1,0
BRF:38
BRH:0
end_of_record
TN:
SF:src/pages/PostsPage.jsx
FN:17,PostsPage
FN:25,(anonymous_1)
FN:38,(anonymous_2)
FN:40,(anonymous_3)
FN:55,(anonymous_4)
FN:86,(anonymous_5)
FN:89,(anonymous_6)
FN:96,(anonymous_7)
FN:97,(anonymous_8)
FN:101,(anonymous_9)
FN:106,(anonymous_10)
FN:109,(anonymous_11)
FN:115,(anonymous_12)
FN:117,(anonymous_13)
FNF:14
FNH:0
FNDA:0,PostsPage
FNDA:0,(anonymous_1)
FNDA:0,(anonymous_2)
FNDA:0,(anonymous_3)
FNDA:0,(anonymous_4)
FNDA:0,(anonymous_5)
FNDA:0,(anonymous_6)
FNDA:0,(anonymous_7)
FNDA:0,(anonymous_8)
FNDA:0,(anonymous_9)
FNDA:0,(anonymous_10)
FNDA:0,(anonymous_11)
FNDA:0,(anonymous_12)
FNDA:0,(anonymous_13)
DA:18,0
DA:19,0
DA:20,0
DA:21,0
DA:22,0
DA:23,0
DA:25,0
DA:26,0
DA:27,0
DA:28,0
DA:29,0
DA:30,0
DA:32,0
DA:34,0
DA:38,0
DA:40,0
DA:41,0
DA:42,0
DA:43,0
DA:44,0
DA:46,0
DA:47,0
DA:49,0
DA:51,0
DA:55,0
DA:56,0
DA:57,0
DA:58,0
DA:59,0
DA:60,0
DA:61,0
DA:63,0
DA:65,0
DA:69,0
DA:71,0
DA:86,0
DA:89,0
DA:96,0
DA:97,0
DA:102,0
DA:106,0
DA:109,0
DA:115,0
DA:117,0
LF:44
LH:0
BRDA:25,0,0,0
BRDA:25,1,0,0
BRDA:28,2,0,0
BRDA:28,2,1,0
BRDA:42,3,0,0
BRDA:42,3,1,0
BRDA:69,4,0,0
BRDA:69,4,1,0
BRDA:69,5,0,0
BRDA:69,5,1,0
BRDA:107,6,0,0
BRDA:107,6,1,0
BRF:12
BRH:0
end_of_record
TN:
SF:src/pages/ProfilePage.jsx
FN:11,ProfilePage
FN:12,(anonymous_1)
FN:16,(anonymous_2)
FN:64,(anonymous_3)
FN:72,(anonymous_4)
FN:80,(anonymous_5)
FNF:6
FNH:0
FNDA:0,ProfilePage
FNDA:0,(anonymous_1)
FNDA:0,(anonymous_2)
FNDA:0,(anonymous_3)
FNDA:0,(anonymous_4)
FNDA:0,(anonymous_5)
DA:12,0
DA:13,0
DA:14,0
DA:16,0
DA:17,0
DA:18,0
DA:19,0
DA:20,0
DA:22,0
DA:23,0
DA:24,0
DA:25,0
DA:26,0
DA:28,0
DA:30,0
DA:34,0
DA:64,0
DA:72,0
DA:80,0
LF:19
LH:0
BRDA:18,0,0,0
BRDA:18,0,1,0
BRDA:84,1,0,0
BRDA:84,1,1,0
BRF:4
BRH:0
end_of_record
TN:
SF:src/pages/ServicesPage.jsx
FN:32,ServicesPage
FN:33,(anonymous_1)
FN:41,(anonymous_2)
FN:61,(anonymous_3)
FN:65,(anonymous_4)
FN:66,(anonymous_5)
FN:70,(anonymous_6)
FN:72,(anonymous_7)
FN:73,(anonymous_8)
FN:74,(anonymous_9)
FN:95,ServiceFormModal
FN:99,(anonymous_11)
FN:103,(anonymous_12)
FN:108,(anonymous_13)
FN:113,(anonymous_14)
FN:117,(anonymous_15)
FN:119,(anonymous_16)
FN:120,(anonymous_17)
FN:121,(anonymous_18)
FN:122,(anonymous_19)
FN:125,(anonymous_20)
FNF:21
FNH:0
FNDA:0,ServicesPage
FNDA:0,(anonymous_1)
FNDA:0,(anonymous_2)
FNDA:0,(anonymous_3)
FNDA:0,(anonymous_4)
FNDA:0,(anonymous_5)
FNDA:0,(anonymous_6)
FNDA:0,(anonymous_7)
FNDA:0,(anonymous_8)
FNDA:0,(anonymous_9)
FNDA:0,ServiceFormModal
FNDA:0,(anonymous_11)
FNDA:0,(anonymous_12)
FNDA:0,(anonymous_13)
FNDA:0,(anonymous_14)
FNDA:0,(anonymous_15)
FNDA:0,(anonymous_16)
FNDA:0,(anonymous_17)
FNDA:0,(anonymous_18)
FNDA:0,(anonymous_19)
FNDA:0,(anonymous_20)
DA:20,0
DA:33,0
DA:34,0
DA:36,0
DA:41,0
DA:46,0
DA:62,0
DA:65,0
DA:66,0
DA:71,0
DA:72,0
DA:73,0
DA:74,0
DA:96,0
DA:98,0
DA:99,0
DA:103,0
DA:108,0
DA:113,0
DA:117,0
DA:119,0
DA:120,0
DA:121,0
DA:122,0
DA:125,0
LF:25
LH:0
BRDA:50,0,0,0
BRDA:50,0,1,0
BRDA:62,1,0,0
BRDA:62,1,1,0
BRDA:84,2,0,0
BRDA:84,2,1,0
BRF:6
BRH:0
end_of_record
TN:
SF:src/pages/SettingsPage.jsx
FN:15,SettingsPage
FN:40,(anonymous_1)
FN:43,(anonymous_2)
FN:46,(anonymous_3)
FN:49,(anonymous_4)
FN:52,(anonymous_5)
FN:55,(anonymous_6)
FN:63,(anonymous_7)
FN:64,(anonymous_8)
FN:65,(anonymous_9)
FN:66,(anonymous_10)
FN:67,(anonymous_11)
FNF:12
FNH:0
FNDA:0,SettingsPage
FNDA:0,(anonymous_1)
FNDA:0,(anonymous_2)
FNDA:0,(anonymous_3)
FNDA:0,(anonymous_4)
FNDA:0,(anonymous_5)
FNDA:0,(anonymous_6)
FNDA:0,(anonymous_7)
FNDA:0,(anonymous_8)
FNDA:0,(anonymous_9)
FNDA:0,(anonymous_10)
FNDA:0,(anonymous_11)
DA:16,0
DA:22,0
DA:24,0
DA:40,0
DA:43,0
DA:46,0
DA:49,0
DA:52,0
DA:55,0
DA:63,0
DA:64,0
DA:65,0
DA:66,0
DA:67,0
LF:14
LH:0
BRDA:22,0,0,0
BRDA:22,0,1,0
BRDA:22,1,0,0
BRDA:22,1,1,0
BRDA:31,2,0,0
BRDA:31,2,1,0
BRDA:40,3,0,0
BRDA:40,3,1,0
BRDA:43,4,0,0
BRDA:43,4,1,0
BRDA:52,5,0,0
BRDA:52,5,1,0
BRDA:55,6,0,0
BRDA:55,6,1,0
BRDA:63,7,0,0
BRDA:63,7,1,0
BRDA:64,8,0,0
BRDA:64,8,1,0
BRDA:65,9,0,0
BRDA:65,9,1,0
BRDA:66,10,0,0
BRDA:66,10,1,0
BRDA:67,11,0,0
BRDA:67,11,1,0
BRF:24
BRH:0
end_of_record
TN:
SF:src/pages/TeamPage.jsx
FN:31,TeamPage
FN:67,(anonymous_1)
FN:75,(anonymous_2)
FN:79,(anonymous_3)
FN:81,(anonymous_4)
FN:82,(anonymous_5)
FN:83,(anonymous_6)
FN:105,MemberFormModal
FN:109,(anonymous_8)
FN:112,(anonymous_9)
FN:115,(anonymous_10)
FN:118,(anonymous_11)
FN:121,(anonymous_12)
FN:123,(anonymous_13)
FN:124,(anonymous_14)
FNF:15
FNH:0
FNDA:0,TeamPage
FNDA:0,(anonymous_1)
FNDA:0,(anonymous_2)
FNDA:0,(anonymous_3)
FNDA:0,(anonymous_4)
FNDA:0,(anonymous_5)
FNDA:0,(anonymous_6)
FNDA:0,MemberFormModal
FNDA:0,(anonymous_8)
FNDA:0,(anonymous_9)
FNDA:0,(anonymous_10)
FNDA:0,(anonymous_11)
FNDA:0,(anonymous_12)
FNDA:0,(anonymous_13)
FNDA:0,(anonymous_14)
DA:20,0
DA:32,0
DA:34,0
DA:48,0
DA:68,0
DA:75,0
DA:80,0
DA:81,0
DA:82,0
DA:83,0
DA:106,0
DA:108,0
DA:109,0
DA:112,0
DA:115,0
DA:118,0
DA:121,0
DA:123,0
DA:124,0
LF:19
LH:0
BRDA:62,0,0,0
BRDA:62,0,1,0
BRDA:68,1,0,0
BRDA:68,1,1,0
BRDA:91,2,0,0
BRDA:91,2,1,0
BRF:6
BRH:0
end_of_record
TN:
SF:src/pages/TestimonialsPage.jsx
FN:21,TestimonialsPage
FN:48,(anonymous_1)
FN:49,(anonymous_2)
FN:53,(anonymous_3)
FN:55,(anonymous_4)
FN:56,(anonymous_5)
FN:57,(anonymous_6)
FN:72,TestimonialFormModal
FN:76,(anonymous_8)
FN:79,(anonymous_9)
FN:82,(anonymous_10)
FN:85,(anonymous_11)
FN:87,(anonymous_12)
FN:88,(anonymous_13)
FNF:14
FNH:0
FNDA:0,TestimonialsPage
FNDA:0,(anonymous_1)
FNDA:0,(anonymous_2)
FNDA:0,(anonymous_3)
FNDA:0,(anonymous_4)
FNDA:0,(anonymous_5)
FNDA:0,(anonymous_6)
FNDA:0,TestimonialFormModal
FNDA:0,(anonymous_8)
FNDA:0,(anonymous_9)
FNDA:0,(anonymous_10)
FNDA:0,(anonymous_11)
FNDA:0,(anonymous_12)
FNDA:0,(anonymous_13)
DA:18,0
DA:22,0
DA:24,0
DA:34,0
DA:48,0
DA:49,0
DA:54,0
DA:55,0
DA:56,0
DA:57,0
DA:73,0
DA:75,0
DA:76,0
DA:79,0
DA:82,0
DA:85,0
DA:87,0
DA:88,0
LF:18
LH:0
BRDA:44,0,0,0
BRDA:44,0,1,0
BRDA:65,1,0,0
BRDA:65,1,1,0
BRF:4
BRH:0
end_of_record
TN:
SF:src/pages/UsersPage.jsx
FN:15,UsersPage
FN:22,(anonymous_1)
FN:32,(anonymous_2)
FN:34,(anonymous_3)
FN:50,(anonymous_4)
FN:60,(anonymous_5)
FN:81,(anonymous_6)
FN:91,(anonymous_7)
FN:97,(anonymous_8)
FN:101,(anonymous_9)
FN:103,(anonymous_10)
FN:104,(anonymous_11)
FN:105,(anonymous_12)
FN:111,(anonymous_13)
FN:112,(anonymous_14)
FN:117,UserModal
FN:119,(anonymous_16)
FN:131,(anonymous_17)
FN:132,(anonymous_18)
FN:135,(anonymous_19)
FN:140,(anonymous_20)
FN:147,(anonymous_21)
FNF:22
FNH:0
FNDA:0,UsersPage
FNDA:0,(anonymous_1)
FNDA:0,(anonymous_2)
FNDA:0,(anonymous_3)
FNDA:0,(anonymous_4)
FNDA:0,(anonymous_5)
FNDA:0,(anonymous_6)
FNDA:0,(anonymous_7)
FNDA:0,(anonymous_8)
FNDA:0,(anonymous_9)
FNDA:0,(anonymous_10)
FNDA:0,(anonymous_11)
FNDA:0,(anonymous_12)
FNDA:0,(anonymous_13)
FNDA:0,(anonymous_14)
FNDA:0,UserModal
FNDA:0,(anonymous_16)
FNDA:0,(anonymous_17)
FNDA:0,(anonymous_18)
FNDA:0,(anonymous_19)
FNDA:0,(anonymous_20)
FNDA:0,(anonymous_21)
DA:16,0
DA:17,0
DA:18,0
DA:19,0
DA:20,0
DA:22,0
DA:23,0
DA:24,0
DA:26,0
DA:28,0
DA:32,0
DA:34,0
DA:35,0
DA:36,0
DA:37,0
DA:38,0
DA:40,0
DA:41,0
DA:43,0
DA:44,0
DA:46,0
DA:50,0
DA:51,0
DA:52,0
DA:53,0
DA:54,0
DA:56,0
DA:60,0
DA:61,0
DA:62,0
DA:63,0
DA:64,0
DA:65,0
DA:66,0
DA:68,0
DA:70,0
DA:74,0
DA:76,0
DA:81,0
DA:92,0
DA:97,0
DA:102,0
DA:103,0
DA:104,0
DA:105,0
DA:111,0
DA:112,0
DA:118,0
DA:119,0
DA:120,0
DA:128,0
DA:131,0
DA:132,0
DA:135,0
DA:140,0
DA:147,0
LF:56
LH:0
BRDA:36,0,0,0
BRDA:36,0,1,0
BRDA:74,1,0,0
BRDA:74,1,1,0
BRDA:92,2,0,0
BRDA:92,2,1,0
BRDA:93,3,0,0
BRDA:93,3,1,0
BRDA:120,4,0,0
BRDA:120,4,1,0
BRDA:121,5,0,0
BRDA:121,5,1,0
BRDA:122,6,0,0
BRDA:122,6,1,0
BRDA:124,7,0,0
BRDA:124,7,1,0
BRDA:129,8,0,0
BRDA:129,8,1,0
BRDA:133,9,0,0
BRDA:133,9,1,0
BRF:20
BRH:0
end_of_record
TN:
SF:src/routes/AppRoutes.jsx
FN:36,AppRoutes
FNF:1
FNH:0
FNDA:0,AppRoutes
DA:37,0
LF:1
LH:0
BRF:0
BRH:0
end_of_record
TN:
SF:src/routes/ProtectedRoute.jsx
FN:17,ProtectedRoute
FN:38,GuestRoute
FNF:2
FNH:1
FNDA:3,ProtectedRoute
FNDA:0,GuestRoute
DA:18,3
DA:19,3
DA:21,3
DA:23,3
DA:24,1
DA:27,2
DA:28,1
DA:31,1
DA:39,0
DA:41,0
DA:43,0
DA:44,0
DA:47,0
LF:13
LH:8
BRDA:17,0,0,3
BRDA:21,1,0,0
BRDA:21,1,1,3
BRDA:23,2,0,1
BRDA:23,2,1,2
BRDA:27,3,0,1
BRDA:27,3,1,1
BRDA:27,4,0,2
BRDA:27,4,1,2
BRDA:31,5,0,1
BRDA:31,5,1,0
BRDA:41,6,0,0
BRDA:41,6,1,0
BRDA:43,7,0,0
BRDA:43,7,1,0
BRF:15
BRH:9
end_of_record
TN:
SF:src/services/api.js
FN:24,getStorage
FN:32,getStoredTokens
FN:46,setStoredTokens
FN:59,clearStoredTokens
FN:68,(anonymous_4)
FN:80,refreshAccessToken
FN:102,(anonymous_6)
FN:104,(anonymous_7)
FN:136,unwrap
FN:145,unwrapPaginated
FNF:10
FNH:4
FNDA:7,getStorage
FNDA:4,getStoredTokens
FNDA:3,setStoredTokens
FNDA:4,clearStoredTokens
FNDA:0,(anonymous_4)
FNDA:0,refreshAccessToken
FNDA:0,(anonymous_6)
FNDA:0,(anonymous_7)
FNDA:0,unwrap
FNDA:0,unwrapPaginated
DA:10,1
DA:17,1
DA:25,7
DA:33,4
DA:34,4
DA:35,4
DA:47,3
DA:48,3
DA:49,3
DA:50,3
DA:51,3
DA:53,3
DA:54,3
DA:55,3
DA:60,4
DA:61,4
DA:62,4
DA:63,4
DA:64,4
DA:68,1
DA:69,0
DA:70,0
DA:71,0
DA:73,0
DA:81,0
DA:82,0
DA:84,0
DA:89,0
DA:90,0
DA:95,0
DA:102,1
DA:103,0
DA:105,0
DA:106,0
DA:108,0
DA:109,0
DA:110,0
DA:111,0
DA:112,0
DA:113,0
DA:114,0
DA:115,0
DA:117,0
DA:118,0
DA:119,0
DA:120,0
DA:125,0
DA:126,0
DA:127,0
DA:137,0
DA:146,0
LF:51
LH:21
BRDA:25,0,0,3
BRDA:25,0,1,4
BRDA:47,1,0,2
BRDA:47,1,1,1
BRDA:54,2,0,3
BRDA:54,2,1,0
BRDA:55,3,0,3
BRDA:55,3,1,0
BRDA:70,4,0,0
BRDA:70,4,1,0
BRDA:82,5,0,0
BRDA:82,5,1,0
BRDA:108,6,0,0
BRDA:108,6,1,0
BRDA:108,7,0,0
BRDA:108,7,1,0
BRDA:108,7,2,0
BRDA:108,7,3,0
BRDA:111,8,0,0
BRDA:111,8,1,0
BRDA:119,9,0,0
BRDA:119,9,1,0
BRDA:125,10,0,0
BRDA:125,10,1,0
BRDA:125,10,2,0
BRDA:126,11,0,0
BRDA:126,11,1,0
BRF:27
BRH:6
end_of_record
TN:
SF:src/services/cmsApi.js
FN:14,(anonymous_0)
FN:17,(anonymous_1)
FN:19,(anonymous_2)
FN:20,(anonymous_3)
FN:28,(anonymous_4)
FN:35,(anonymous_5)
FN:36,(anonymous_6)
FN:37,(anonymous_7)
FN:38,(anonymous_8)
FN:39,(anonymous_9)
FN:40,(anonymous_10)
FN:41,(anonymous_11)
FN:42,(anonymous_12)
FN:43,(anonymous_13)
FN:44,(anonymous_14)
FN:45,(anonymous_15)
FN:52,(anonymous_16)
FN:53,(anonymous_17)
FN:54,(anonymous_18)
FN:55,(anonymous_19)
FN:56,(anonymous_20)
FN:57,(anonymous_21)
FN:64,(anonymous_22)
FN:65,(anonymous_23)
FN:66,(anonymous_24)
FN:67,(anonymous_25)
FN:68,(anonymous_26)
FN:69,(anonymous_27)
FN:70,(anonymous_28)
FN:71,(anonymous_29)
FN:78,(anonymous_30)
FN:79,(anonymous_31)
FN:80,(anonymous_32)
FN:81,(anonymous_33)
FN:82,(anonymous_34)
FN:83,(anonymous_35)
FN:84,(anonymous_36)
FN:85,(anonymous_37)
FN:86,(anonymous_38)
FN:87,(anonymous_39)
FN:88,(anonymous_40)
FN:94,(anonymous_41)
FN:95,(anonymous_42)
FN:96,(anonymous_43)
FN:97,(anonymous_44)
FN:98,(anonymous_45)
FN:104,(anonymous_46)
FN:105,(anonymous_47)
FN:106,(anonymous_48)
FN:107,(anonymous_49)
FN:108,(anonymous_50)
FN:114,(anonymous_51)
FN:115,(anonymous_52)
FN:116,(anonymous_53)
FN:117,(anonymous_54)
FN:118,(anonymous_55)
FN:125,(anonymous_56)
FN:126,(anonymous_57)
FN:127,(anonymous_58)
FN:128,(anonymous_59)
FN:129,(anonymous_60)
FN:130,(anonymous_61)
FN:131,(anonymous_62)
FN:132,(anonymous_63)
FN:133,(anonymous_64)
FN:134,(anonymous_65)
FN:135,(anonymous_66)
FN:142,(anonymous_67)
FN:143,(anonymous_68)
FN:144,(anonymous_69)
FN:145,(anonymous_70)
FN:146,(anonymous_71)
FN:147,(anonymous_72)
FN:154,(anonymous_73)
FN:155,(anonymous_74)
FN:162,(anonymous_75)
FN:168,(anonymous_76)
FN:169,(anonymous_77)
FN:175,(anonymous_78)
FN:176,(anonymous_79)
FN:177,(anonymous_80)
FN:178,(anonymous_81)
FN:179,(anonymous_82)
FN:180,(anonymous_83)
FNF:84
FNH:0
FNDA:0,(anonymous_0)
FNDA:0,(anonymous_1)
FNDA:0,(anonymous_2)
FNDA:0,(anonymous_3)
FNDA:0,(anonymous_4)
FNDA:0,(anonymous_5)
FNDA:0,(anonymous_6)
FNDA:0,(anonymous_7)
FNDA:0,(anonymous_8)
FNDA:0,(anonymous_9)
FNDA:0,(anonymous_10)
FNDA:0,(anonymous_11)
FNDA:0,(anonymous_12)
FNDA:0,(anonymous_13)
FNDA:0,(anonymous_14)
FNDA:0,(anonymous_15)
FNDA:0,(anonymous_16)
FNDA:0,(anonymous_17)
FNDA:0,(anonymous_18)
FNDA:0,(anonymous_19)
FNDA:0,(anonymous_20)
FNDA:0,(anonymous_21)
FNDA:0,(anonymous_22)
FNDA:0,(anonymous_23)
FNDA:0,(anonymous_24)
FNDA:0,(anonymous_25)
FNDA:0,(anonymous_26)
FNDA:0,(anonymous_27)
FNDA:0,(anonymous_28)
FNDA:0,(anonymous_29)
FNDA:0,(anonymous_30)
FNDA:0,(anonymous_31)
FNDA:0,(anonymous_32)
FNDA:0,(anonymous_33)
FNDA:0,(anonymous_34)
FNDA:0,(anonymous_35)
FNDA:0,(anonymous_36)
FNDA:0,(anonymous_37)
FNDA:0,(anonymous_38)
FNDA:0,(anonymous_39)
FNDA:0,(anonymous_40)
FNDA:0,(anonymous_41)
FNDA:0,(anonymous_42)
FNDA:0,(anonymous_43)
FNDA:0,(anonymous_44)
FNDA:0,(anonymous_45)
FNDA:0,(anonymous_46)
FNDA:0,(anonymous_47)
FNDA:0,(anonymous_48)
FNDA:0,(anonymous_49)
FNDA:0,(anonymous_50)
FNDA:0,(anonymous_51)
FNDA:0,(anonymous_52)
FNDA:0,(anonymous_53)
FNDA:0,(anonymous_54)
FNDA:0,(anonymous_55)
FNDA:0,(anonymous_56)
FNDA:0,(anonymous_57)
FNDA:0,(anonymous_58)
FNDA:0,(anonymous_59)
FNDA:0,(anonymous_60)
FNDA:0,(anonymous_61)
FNDA:0,(anonymous_62)
FNDA:0,(anonymous_63)
FNDA:0,(anonymous_64)
FNDA:0,(anonymous_65)
FNDA:0,(anonymous_66)
FNDA:0,(anonymous_67)
FNDA:0,(anonymous_68)
FNDA:0,(anonymous_69)
FNDA:0,(anonymous_70)
FNDA:0,(anonymous_71)
FNDA:0,(anonymous_72)
FNDA:0,(anonymous_73)
FNDA:0,(anonymous_74)
FNDA:0,(anonymous_75)
FNDA:0,(anonymous_76)
FNDA:0,(anonymous_77)
FNDA:0,(anonymous_78)
FNDA:0,(anonymous_79)
FNDA:0,(anonymous_80)
FNDA:0,(anonymous_81)
FNDA:0,(anonymous_82)
FNDA:0,(anonymous_83)
DA:12,0
DA:15,0
DA:18,0
DA:19,0
DA:21,0
DA:27,0
DA:28,0
DA:34,0
DA:35,0
DA:36,0
DA:37,0
DA:38,0
DA:39,0
DA:40,0
DA:41,0
DA:42,0
DA:43,0
DA:44,0
DA:45,0
DA:51,0
DA:52,0
DA:53,0
DA:54,0
DA:55,0
DA:56,0
DA:57,0
DA:63,0
DA:64,0
DA:65,0
DA:66,0
DA:67,0
DA:68,0
DA:69,0
DA:70,0
DA:71,0
DA:77,0
DA:78,0
DA:79,0
DA:80,0
DA:81,0
DA:82,0
DA:83,0
DA:84,0
DA:85,0
DA:86,0
DA:87,0
DA:88,0
DA:93,0
DA:94,0
DA:95,0
DA:96,0
DA:97,0
DA:98,0
DA:103,0
DA:104,0
DA:105,0
DA:106,0
DA:107,0
DA:108,0
DA:113,0
DA:114,0
DA:115,0
DA:116,0
DA:117,0
DA:118,0
DA:124,0
DA:125,0
DA:126,0
DA:127,0
DA:128,0
DA:129,0
DA:130,0
DA:131,0
DA:132,0
DA:133,0
DA:134,0
DA:135,0
DA:141,0
DA:142,0
DA:143,0
DA:144,0
DA:145,0
DA:146,0
DA:147,0
DA:153,0
DA:154,0
DA:156,0
DA:157,0
DA:158,0
DA:162,0
DA:167,0
DA:168,0
DA:169,0
DA:174,0
DA:175,0
DA:176,0
DA:177,0
DA:178,0
DA:179,0
DA:180,0
LF:100
LH:0
BRF:0
BRH:0
end_of_record
TN:
SF:src/services/index.js
FNF:0
FNH:0
LF:0
LH:0
BRF:0
BRH:0
end_of_record
TN:
SF:src/store/useAuthStore.js
FN:9,(anonymous_0)
FN:18,(anonymous_1)
FN:40,(anonymous_2)
FN:52,(anonymous_3)
FN:64,(anonymous_4)
FN:71,(anonymous_5)
FNF:6
FNH:0
FNDA:0,(anonymous_0)
FNDA:0,(anonymous_1)
FNDA:0,(anonymous_2)
FNDA:0,(anonymous_3)
FNDA:0,(anonymous_4)
FNDA:0,(anonymous_5)
DA:9,0
DA:19,0
DA:20,0
DA:21,0
DA:22,0
DA:24,0
DA:25,0
DA:26,0
DA:28,0
DA:29,0
DA:41,0
DA:42,0
DA:47,0
DA:48,0
DA:53,0
DA:54,0
DA:55,0
DA:59,0
DA:60,0
DA:64,0
DA:72,0
DA:73,0
LF:22
LH:0
BRDA:20,0,0,0
BRDA:20,0,1,0
BRDA:40,1,0,0
BRDA:55,2,0,0
BRDA:55,2,1,0
BRDA:73,3,0,0
BRDA:73,3,1,0
BRF:7
BRH:0
end_of_record
TN:
SF:src/utils/cn.js
FN:4,cn
FNF:1
FNH:1
FNDA:77,cn
DA:5,77
LF:1
LH:1
BRF:0
BRH:0
end_of_record
TN:
SF:src/utils/errors.js
FN:12,constructor
FN:25,getErrorMessage
FN:37,getValidationErrors
FN:39,(anonymous_3)
FN:42,(anonymous_4)
FNF:5
FNH:4
FNDA:3,constructor
FNDA:6,getErrorMessage
FNDA:2,getValidationErrors
FNDA:1,(anonymous_3)
FNDA:0,(anonymous_4)
DA:13,3
DA:14,3
DA:15,3
DA:16,3
DA:26,6
DA:27,5
DA:28,4
DA:29,1
DA:38,2
DA:39,1
DA:41,1
DA:42,0
DA:44,1
LF:13
LH:12
BRDA:12,0,0,3
BRDA:26,1,0,1
BRDA:26,1,1,5
BRDA:27,2,0,1
BRDA:27,2,1,4
BRDA:28,3,0,3
BRDA:28,3,1,1
BRDA:38,4,0,1
BRDA:38,4,1,1
BRDA:38,5,0,2
BRDA:38,5,1,1
BRDA:39,6,0,1
BRDA:39,6,1,0
BRDA:41,7,0,0
BRDA:41,7,1,1
BRDA:42,8,0,0
BRDA:42,8,1,0
BRF:17
BRH:13
end_of_record
TN:
SF:src/utils/helpers.js
FN:12,normalizeMediaPath
FN:25,mediaUrl
FN:38,formatDate
FN:52,formatFileSize
FN:69,slugify
FNF:5
FNH:5
FNDA:6,normalizeMediaPath
FNDA:2,mediaUrl
FNDA:2,formatDate
FNDA:3,formatFileSize
FNDA:2,slugify
DA:5,1
DA:13,6
DA:14,4
DA:15,3
DA:16,3
DA:17,0
DA:26,2
DA:27,2
DA:29,1
DA:30,1
DA:39,2
DA:40,1
DA:53,3
DA:54,2
DA:55,2
DA:56,2
DA:57,2
DA:58,1
DA:59,1
DA:61,2
DA:70,2
LF:21
LH:20
BRDA:5,0,0,1
BRDA:5,0,1,0
BRDA:13,1,0,2
BRDA:13,1,1,4
BRDA:14,2,0,1
BRDA:14,2,1,3
BRDA:14,3,0,4
BRDA:14,3,1,4
BRDA:16,4,0,3
BRDA:16,4,1,0
BRDA:17,5,0,0
BRDA:17,5,1,0
BRDA:26,6,0,0
BRDA:26,6,1,2
BRDA:27,7,0,1
BRDA:27,7,1,1
BRDA:27,8,0,2
BRDA:27,8,1,2
BRDA:39,9,0,1
BRDA:39,9,1,1
BRDA:53,10,0,1
BRDA:53,10,1,2
BRDA:57,11,0,2
BRDA:57,11,1,1
BRDA:61,12,0,1
BRDA:61,12,1,1
BRF:26
BRH:21
end_of_record
